2023-11-01 11:23:35,694 - INFO - [31m[1mWARNING: This is a development server. Do not use it in a production deployment. Use a production WSGI server instead.[0m
 * Running on http://127.0.0.1:5000
2023-11-01 11:23:35,694 - INFO - [33mPress CTRL+C to quit[0m
2023-11-01 11:23:48,662 - ERROR - Exception on /exchange-rate-list [GET]
Traceback (most recent call last):
  File "/Users/ertankaradeniz/PycharmProjects/ExchangeRates/venv/lib/python3.11/site-packages/flask/app.py", line 1455, in wsgi_app
    response = self.full_dispatch_request()
               ^^^^^^^^^^^^^^^^^^^^^^^^^^^^
  File "/Users/ertankaradeniz/PycharmProjects/ExchangeRates/venv/lib/python3.11/site-packages/flask/app.py", line 869, in full_dispatch_request
    rv = self.handle_user_exception(e)
         ^^^^^^^^^^^^^^^^^^^^^^^^^^^^^
  File "/Users/ertankaradeniz/PycharmProjects/ExchangeRates/venv/lib/python3.11/site-packages/flask/app.py", line 867, in full_dispatch_request
    rv = self.dispatch_request()
         ^^^^^^^^^^^^^^^^^^^^^^^
  File "/Users/ertankaradeniz/PycharmProjects/ExchangeRates/venv/lib/python3.11/site-packages/flask/app.py", line 852, in dispatch_request
    return self.ensure_sync(self.view_functions[rule.endpoint])(**view_args)
           ^^^^^^^^^^^^^^^^^^^^^^^^^^^^^^^^^^^^^^^^^^^^^^^^^^^^^^^^^^^^^^^^^
  File "/Users/ertankaradeniz/PycharmProjects/ExchangeRates/main.py", line 71, in exchange_rate_list
    return jsonify(exchange_rates)
           ^^^^^^^^^^^^^^^^^^^^^^^
  File "/Users/ertankaradeniz/PycharmProjects/ExchangeRates/venv/lib/python3.11/site-packages/flask/json/__init__.py", line 170, in jsonify
    return current_app.json.response(*args, **kwargs)
           ^^^^^^^^^^^^^^^^^^^^^^^^^^^^^^^^^^^^^^^^^^
  File "/Users/ertankaradeniz/PycharmProjects/ExchangeRates/venv/lib/python3.11/site-packages/flask/json/provider.py", line 215, in response
    f"{self.dumps(obj, **dump_args)}\n", mimetype=self.mimetype
       ^^^^^^^^^^^^^^^^^^^^^^^^^^^^
  File "/Users/ertankaradeniz/PycharmProjects/ExchangeRates/venv/lib/python3.11/site-packages/flask/json/provider.py", line 180, in dumps
    return json.dumps(obj, **kwargs)
           ^^^^^^^^^^^^^^^^^^^^^^^^^
  File "/Users/ertankaradeniz/Documents/GitHub/homebrew/Cellar/python@3.11/3.11.2_1/Frameworks/Python.framework/Versions/3.11/lib/python3.11/json/__init__.py", line 238, in dumps
    **kw).encode(obj)
          ^^^^^^^^^^^
  File "/Users/ertankaradeniz/Documents/GitHub/homebrew/Cellar/python@3.11/3.11.2_1/Frameworks/Python.framework/Versions/3.11/lib/python3.11/json/encoder.py", line 200, in encode
    chunks = self.iterencode(o, _one_shot=True)
             ^^^^^^^^^^^^^^^^^^^^^^^^^^^^^^^^^^
  File "/Users/ertankaradeniz/Documents/GitHub/homebrew/Cellar/python@3.11/3.11.2_1/Frameworks/Python.framework/Versions/3.11/lib/python3.11/json/encoder.py", line 258, in iterencode
    return _iterencode(o, 0)
           ^^^^^^^^^^^^^^^^^
  File "/Users/ertankaradeniz/PycharmProjects/ExchangeRates/venv/lib/python3.11/site-packages/flask/json/provider.py", line 120, in _default
    raise TypeError(f"Object of type {type(o).__name__} is not JSON serializable")
TypeError: Object of type coroutine is not JSON serializable
2023-11-01 11:23:48,668 - INFO - 127.0.0.1 - - [01/Nov/2023 11:23:48] "[35m[1mGET /exchange-rate-list?source_currency=USD&target_currencies=EUR HTTP/1.1[0m" 500 -
2023-11-01 11:26:02,999 - INFO - [31m[1mWARNING: This is a development server. Do not use it in a production deployment. Use a production WSGI server instead.[0m
 * Running on http://127.0.0.1:5000
2023-11-01 11:26:02,999 - INFO - [33mPress CTRL+C to quit[0m
2023-11-01 11:26:23,692 - INFO - 127.0.0.1 - - [01/Nov/2023 11:26:23] "GET /exchange-rate-list?source_currency=USD&target_currencies=EUR,GBP HTTP/1.1" 200 -
2023-11-01 11:29:06,843 - INFO - [31m[1mWARNING: This is a development server. Do not use it in a production deployment. Use a production WSGI server instead.[0m
 * Running on http://127.0.0.1:5000
2023-11-01 11:29:06,843 - INFO - [33mPress CTRL+C to quit[0m
2023-11-01 11:29:24,667 - INFO - 127.0.0.1 - - [01/Nov/2023 11:29:24] "GET /exchange-rate-list?source_currency=USD&target_currencies=EURO HTTP/1.1" 200 -
2023-11-01 11:30:15,635 - INFO - [31m[1mWARNING: This is a development server. Do not use it in a production deployment. Use a production WSGI server instead.[0m
 * Running on http://127.0.0.1:5000
2023-11-01 11:30:15,635 - INFO - [33mPress CTRL+C to quit[0m
2023-11-01 11:30:15,637 - INFO -  * Restarting with stat
2023-11-01 11:30:15,764 - WARNING -  * Debugger is active!
2023-11-01 11:30:15,769 - INFO -  * Debugger PIN: 615-659-311
2023-11-01 11:30:32,710 - INFO - 127.0.0.1 - - [01/Nov/2023 11:30:32] "GET /exchange-rate-list?source_currency=USD&target_currencies=EURO HTTP/1.1" 200 -
2023-11-01 11:30:58,556 - INFO - [31m[1mWARNING: This is a development server. Do not use it in a production deployment. Use a production WSGI server instead.[0m
 * Running on http://127.0.0.1:5000
2023-11-01 11:30:58,556 - INFO - [33mPress CTRL+C to quit[0m
2023-11-01 11:30:58,557 - INFO -  * Restarting with stat
2023-11-01 11:30:58,967 - WARNING -  * Debugger is active!
2023-11-01 11:30:58,971 - INFO -  * Debugger PIN: 615-659-311
2023-11-01 11:32:40,593 - INFO -  * Detected change in '/Users/ertankaradeniz/PycharmProjects/ExchangeRates/app/stub/stub.py', reloading
2023-11-01 11:32:40,621 - INFO -  * Restarting with stat
2023-11-01 11:32:41,037 - WARNING -  * Debugger is active!
2023-11-01 11:32:41,041 - INFO -  * Debugger PIN: 615-659-311
2023-11-01 11:32:44,296 - INFO -  * Detected change in '/Users/ertankaradeniz/PycharmProjects/ExchangeRates/app/stub/stub.py', reloading
2023-11-01 11:32:44,326 - INFO -  * Restarting with stat
2023-11-01 11:32:44,786 - WARNING -  * Debugger is active!
2023-11-01 11:32:44,790 - INFO -  * Debugger PIN: 615-659-311
2023-11-01 11:32:53,491 - INFO - [31m[1mWARNING: This is a development server. Do not use it in a production deployment. Use a production WSGI server instead.[0m
 * Running on http://127.0.0.1:5000
2023-11-01 11:32:53,492 - INFO - [33mPress CTRL+C to quit[0m
2023-11-01 11:32:53,492 - INFO -  * Restarting with stat
2023-11-01 11:32:53,902 - WARNING -  * Debugger is active!
2023-11-01 11:32:53,906 - INFO -  * Debugger PIN: 615-659-311
2023-11-01 11:36:02,489 - INFO -  * Detected change in '/Users/ertankaradeniz/PycharmProjects/ExchangeRates/app/fxerio/fixerio_client.py', reloading
2023-11-01 11:36:02,517 - INFO -  * Restarting with stat
2023-11-01 11:36:02,984 - WARNING -  * Debugger is active!
2023-11-01 11:36:02,989 - INFO -  * Debugger PIN: 615-659-311
2023-11-01 11:37:20,523 - INFO - [31m[1mWARNING: This is a development server. Do not use it in a production deployment. Use a production WSGI server instead.[0m
 * Running on http://127.0.0.1:5000
2023-11-01 11:37:20,523 - INFO - [33mPress CTRL+C to quit[0m
2023-11-01 11:37:20,524 - INFO -  * Restarting with stat
2023-11-01 11:37:20,936 - WARNING -  * Debugger is active!
2023-11-01 11:37:20,940 - INFO -  * Debugger PIN: 615-659-311
2023-11-01 11:41:14,985 - INFO -  * Detected change in '/Users/ertankaradeniz/PycharmProjects/ExchangeRates/app/fxerio/fixerio_adapter.py', reloading
2023-11-01 11:41:15,012 - INFO -  * Restarting with stat
2023-11-01 11:41:15,458 - WARNING -  * Debugger is active!
2023-11-01 11:41:15,462 - INFO -  * Debugger PIN: 615-659-311
2023-11-01 11:41:53,233 - INFO - [31m[1mWARNING: This is a development server. Do not use it in a production deployment. Use a production WSGI server instead.[0m
 * Running on http://127.0.0.1:5000
2023-11-01 11:41:53,233 - INFO - [33mPress CTRL+C to quit[0m
2023-11-01 11:41:53,233 - INFO -  * Restarting with stat
2023-11-01 11:41:53,643 - WARNING -  * Debugger is active!
2023-11-01 11:41:53,647 - INFO -  * Debugger PIN: 615-659-311
2023-11-01 11:43:46,863 - INFO - 127.0.0.1 - - [01/Nov/2023 11:43:46] "[35m[1mGET /exchange-rate-list?source_currency=USD&target_currencies=EURO HTTP/1.1[0m" 500 -
2023-11-01 11:43:46,893 - INFO - 127.0.0.1 - - [01/Nov/2023 11:43:46] "[36mGET /exchange-rate-list?__debugger__=yes&cmd=resource&f=style.css HTTP/1.1[0m" 304 -
2023-11-01 11:43:46,896 - INFO - 127.0.0.1 - - [01/Nov/2023 11:43:46] "[36mGET /exchange-rate-list?__debugger__=yes&cmd=resource&f=debugger.js HTTP/1.1[0m" 304 -
2023-11-01 11:43:46,913 - INFO - 127.0.0.1 - - [01/Nov/2023 11:43:46] "[36mGET /exchange-rate-list?__debugger__=yes&cmd=resource&f=console.png HTTP/1.1[0m" 304 -
2023-11-01 11:43:46,920 - INFO - 127.0.0.1 - - [01/Nov/2023 11:43:46] "[36mGET /exchange-rate-list?__debugger__=yes&cmd=resource&f=console.png HTTP/1.1[0m" 304 -
2023-11-01 11:47:01,144 - INFO -  * Detected change in '/Users/ertankaradeniz/PycharmProjects/ExchangeRates/app/stub/stub.py', reloading
2023-11-01 11:47:01,175 - INFO -  * Restarting with stat
2023-11-01 11:47:01,662 - WARNING -  * Debugger is active!
2023-11-01 11:47:01,667 - INFO -  * Debugger PIN: 615-659-311
2023-11-01 11:51:14,649 - INFO - [31m[1mWARNING: This is a development server. Do not use it in a production deployment. Use a production WSGI server instead.[0m
 * Running on http://127.0.0.1:5000
2023-11-01 11:51:14,649 - INFO - [33mPress CTRL+C to quit[0m
2023-11-01 11:51:14,650 - INFO -  * Restarting with stat
2023-11-01 11:51:15,059 - WARNING -  * Debugger is active!
2023-11-01 11:51:15,064 - INFO -  * Debugger PIN: 615-659-311
2023-11-01 11:53:09,041 - INFO - 127.0.0.1 - - [01/Nov/2023 11:53:09] "[35m[1mGET /exchange-rate-list?source_currency=USD&target_currencies=EURO HTTP/1.1[0m" 500 -
2023-11-01 11:53:09,074 - INFO - 127.0.0.1 - - [01/Nov/2023 11:53:09] "[36mGET /exchange-rate-list?__debugger__=yes&cmd=resource&f=debugger.js HTTP/1.1[0m" 304 -
2023-11-01 11:53:09,074 - INFO - 127.0.0.1 - - [01/Nov/2023 11:53:09] "[36mGET /exchange-rate-list?__debugger__=yes&cmd=resource&f=style.css HTTP/1.1[0m" 304 -
2023-11-01 11:53:09,083 - INFO - 127.0.0.1 - - [01/Nov/2023 11:53:09] "[36mGET /exchange-rate-list?__debugger__=yes&cmd=resource&f=console.png HTTP/1.1[0m" 304 -
2023-11-01 11:53:09,087 - INFO - 127.0.0.1 - - [01/Nov/2023 11:53:09] "[36mGET /exchange-rate-list?__debugger__=yes&cmd=resource&f=console.png HTTP/1.1[0m" 304 -
2023-11-01 11:56:59,173 - INFO - [31m[1mWARNING: This is a development server. Do not use it in a production deployment. Use a production WSGI server instead.[0m
 * Running on http://127.0.0.1:5000
2023-11-01 11:56:59,173 - INFO - [33mPress CTRL+C to quit[0m
2023-11-01 11:56:59,174 - INFO -  * Restarting with stat
2023-11-01 11:56:59,595 - WARNING -  * Debugger is active!
2023-11-01 11:56:59,599 - INFO -  * Debugger PIN: 615-659-311
2023-11-01 11:57:56,371 - INFO - 127.0.0.1 - - [01/Nov/2023 11:57:56] "[35m[1mGET /exchange-rate-list?source_currency=USD&target_currencies=EURO HTTP/1.1[0m" 500 -
2023-11-01 11:57:56,399 - INFO - 127.0.0.1 - - [01/Nov/2023 11:57:56] "[36mGET /exchange-rate-list?__debugger__=yes&cmd=resource&f=style.css HTTP/1.1[0m" 304 -
2023-11-01 11:57:56,399 - INFO - 127.0.0.1 - - [01/Nov/2023 11:57:56] "[36mGET /exchange-rate-list?__debugger__=yes&cmd=resource&f=debugger.js HTTP/1.1[0m" 304 -
2023-11-01 11:57:56,408 - INFO - 127.0.0.1 - - [01/Nov/2023 11:57:56] "[36mGET /exchange-rate-list?__debugger__=yes&cmd=resource&f=console.png HTTP/1.1[0m" 304 -
2023-11-01 11:57:56,414 - INFO - 127.0.0.1 - - [01/Nov/2023 11:57:56] "[36mGET /exchange-rate-list?__debugger__=yes&cmd=resource&f=console.png HTTP/1.1[0m" 304 -
2023-11-01 12:00:59,764 - INFO -  * Detected change in '/Users/ertankaradeniz/PycharmProjects/ExchangeRates/main.py', reloading
2023-11-01 12:00:59,800 - INFO -  * Restarting with stat
2023-11-01 12:01:00,297 - WARNING -  * Debugger is active!
2023-11-01 12:01:00,302 - INFO -  * Debugger PIN: 615-659-311
2023-11-01 12:03:00,803 - INFO -  * Detected change in '/Users/ertankaradeniz/PycharmProjects/ExchangeRates/main.py', reloading
2023-11-01 12:03:00,832 - INFO -  * Restarting with stat
2023-11-01 12:03:01,322 - WARNING -  * Debugger is active!
2023-11-01 12:03:01,326 - INFO -  * Debugger PIN: 615-659-311
2023-11-01 12:03:20,013 - INFO - [31m[1mWARNING: This is a development server. Do not use it in a production deployment. Use a production WSGI server instead.[0m
 * Running on http://127.0.0.1:5000
2023-11-01 12:03:20,013 - INFO - [33mPress CTRL+C to quit[0m
2023-11-01 12:03:20,014 - INFO -  * Restarting with stat
2023-11-01 12:03:20,420 - WARNING -  * Debugger is active!
2023-11-01 12:03:20,424 - INFO -  * Debugger PIN: 615-659-311
2023-11-01 12:09:36,295 - INFO -  * Detected change in '/Users/ertankaradeniz/PycharmProjects/ExchangeRates/main.py', reloading
2023-11-01 12:09:36,331 - INFO -  * Restarting with stat
2023-11-01 12:09:36,822 - WARNING -  * Debugger is active!
2023-11-01 12:09:36,826 - INFO -  * Debugger PIN: 615-659-311
2023-11-01 12:09:40,104 - INFO -  * Detected change in '/Users/ertankaradeniz/PycharmProjects/ExchangeRates/main.py', reloading
2023-11-01 12:09:40,131 - INFO -  * Restarting with stat
2023-11-01 12:09:40,546 - WARNING -  * Debugger is active!
2023-11-01 12:09:40,550 - INFO -  * Debugger PIN: 615-659-311
2023-11-01 12:19:39,437 - INFO -  * Detected change in '/Users/ertankaradeniz/PycharmProjects/ExchangeRates/main.py', reloading
2023-11-01 12:19:39,465 - INFO -  * Restarting with stat
2023-11-01 12:19:39,968 - WARNING -  * Debugger is active!
2023-11-01 12:19:39,973 - INFO -  * Debugger PIN: 615-659-311
2023-11-01 12:19:43,027 - INFO - 127.0.0.1 - - [01/Nov/2023 12:19:43] "[35m[1mGET /exchange-rate-list?source_currency=USD&target_currencies=EURO HTTP/1.1[0m" 500 -
2023-11-01 12:19:43,057 - INFO - 127.0.0.1 - - [01/Nov/2023 12:19:43] "[36mGET /exchange-rate-list?__debugger__=yes&cmd=resource&f=style.css HTTP/1.1[0m" 304 -
2023-11-01 12:19:43,057 - INFO - 127.0.0.1 - - [01/Nov/2023 12:19:43] "[36mGET /exchange-rate-list?__debugger__=yes&cmd=resource&f=debugger.js HTTP/1.1[0m" 304 -
2023-11-01 12:19:43,074 - INFO - 127.0.0.1 - - [01/Nov/2023 12:19:43] "[36mGET /exchange-rate-list?__debugger__=yes&cmd=resource&f=console.png HTTP/1.1[0m" 304 -
2023-11-01 12:19:43,079 - INFO - 127.0.0.1 - - [01/Nov/2023 12:19:43] "[36mGET /exchange-rate-list?__debugger__=yes&cmd=resource&f=console.png HTTP/1.1[0m" 304 -
2023-11-01 12:22:30,740 - INFO -  * Detected change in '/Users/ertankaradeniz/PycharmProjects/ExchangeRates/main.py', reloading
2023-11-01 12:22:30,771 - INFO -  * Restarting with stat
2023-11-01 12:22:31,237 - WARNING -  * Debugger is active!
2023-11-01 12:22:31,241 - INFO -  * Debugger PIN: 615-659-311
2023-11-01 12:22:41,480 - INFO - [31m[1mWARNING: This is a development server. Do not use it in a production deployment. Use a production WSGI server instead.[0m
 * Running on http://127.0.0.1:5000
2023-11-01 12:22:41,480 - INFO - [33mPress CTRL+C to quit[0m
2023-11-01 12:22:41,481 - INFO -  * Restarting with stat
2023-11-01 12:22:41,897 - WARNING -  * Debugger is active!
2023-11-01 12:22:41,901 - INFO -  * Debugger PIN: 615-659-311
2023-11-01 12:22:51,448 - INFO - 127.0.0.1 - - [01/Nov/2023 12:22:51] "[35m[1mGET /exchange-rate-list?source_currency=USD&target_currencies=EURO HTTP/1.1[0m" 500 -
2023-11-01 12:22:51,480 - INFO - 127.0.0.1 - - [01/Nov/2023 12:22:51] "[36mGET /exchange-rate-list?__debugger__=yes&cmd=resource&f=debugger.js HTTP/1.1[0m" 304 -
2023-11-01 12:22:51,481 - INFO - 127.0.0.1 - - [01/Nov/2023 12:22:51] "[36mGET /exchange-rate-list?__debugger__=yes&cmd=resource&f=style.css HTTP/1.1[0m" 304 -
2023-11-01 12:22:51,488 - INFO - 127.0.0.1 - - [01/Nov/2023 12:22:51] "[36mGET /exchange-rate-list?__debugger__=yes&cmd=resource&f=console.png HTTP/1.1[0m" 304 -
2023-11-01 12:22:51,492 - INFO - 127.0.0.1 - - [01/Nov/2023 12:22:51] "[36mGET /exchange-rate-list?__debugger__=yes&cmd=resource&f=console.png HTTP/1.1[0m" 304 -
2023-11-01 12:23:24,750 - INFO -  * Detected change in '/Users/ertankaradeniz/PycharmProjects/ExchangeRates/main.py', reloading
2023-11-01 12:23:24,779 - INFO -  * Restarting with stat
2023-11-01 12:23:25,191 - WARNING -  * Debugger is active!
2023-11-01 12:23:25,195 - INFO -  * Debugger PIN: 615-659-311
2023-11-01 12:23:44,740 - INFO - [31m[1mWARNING: This is a development server. Do not use it in a production deployment. Use a production WSGI server instead.[0m
 * Running on http://127.0.0.1:5000
2023-11-01 12:23:44,741 - INFO - [33mPress CTRL+C to quit[0m
2023-11-01 12:23:44,741 - INFO -  * Restarting with stat
2023-11-01 12:23:45,146 - WARNING -  * Debugger is active!
2023-11-01 12:23:45,151 - INFO -  * Debugger PIN: 615-659-311
2023-11-01 12:28:52,513 - INFO -  * Detected change in '/Users/ertankaradeniz/PycharmProjects/ExchangeRates/app/fxerio/fixerio_client.py', reloading
2023-11-01 12:28:52,541 - INFO -  * Restarting with stat
2023-11-01 12:28:52,955 - WARNING -  * Debugger is active!
2023-11-01 12:28:52,959 - INFO -  * Debugger PIN: 615-659-311
2023-11-01 12:29:12,223 - INFO -  * Detected change in '/Users/ertankaradeniz/PycharmProjects/ExchangeRates/app/fxerio/fixerio_client.py', reloading
2023-11-01 12:29:12,250 - INFO -  * Restarting with stat
2023-11-01 12:29:12,748 - WARNING -  * Debugger is active!
2023-11-01 12:29:12,753 - INFO -  * Debugger PIN: 615-659-311
2023-11-01 12:29:51,924 - INFO - 127.0.0.1 - - [01/Nov/2023 12:29:51] "[35m[1mGET /exchange-rate-list?source_currency=USD&target_currencies=EURO HTTP/1.1[0m" 500 -
2023-11-01 12:29:51,956 - INFO - 127.0.0.1 - - [01/Nov/2023 12:29:51] "[36mGET /exchange-rate-list?__debugger__=yes&cmd=resource&f=style.css HTTP/1.1[0m" 304 -
2023-11-01 12:29:51,956 - INFO - 127.0.0.1 - - [01/Nov/2023 12:29:51] "[36mGET /exchange-rate-list?__debugger__=yes&cmd=resource&f=debugger.js HTTP/1.1[0m" 304 -
2023-11-01 12:29:51,964 - INFO - 127.0.0.1 - - [01/Nov/2023 12:29:51] "[36mGET /exchange-rate-list?__debugger__=yes&cmd=resource&f=console.png HTTP/1.1[0m" 304 -
2023-11-01 12:29:51,968 - INFO - 127.0.0.1 - - [01/Nov/2023 12:29:51] "[36mGET /exchange-rate-list?__debugger__=yes&cmd=resource&f=console.png HTTP/1.1[0m" 304 -
2023-11-01 12:30:01,743 - INFO - [31m[1mWARNING: This is a development server. Do not use it in a production deployment. Use a production WSGI server instead.[0m
 * Running on http://127.0.0.1:5000
2023-11-01 12:30:01,743 - INFO - [33mPress CTRL+C to quit[0m
2023-11-01 12:30:01,743 - INFO -  * Restarting with stat
2023-11-01 12:30:02,155 - WARNING -  * Debugger is active!
2023-11-01 12:30:02,159 - INFO -  * Debugger PIN: 615-659-311
2023-11-01 12:34:51,855 - INFO - [31m[1mWARNING: This is a development server. Do not use it in a production deployment. Use a production WSGI server instead.[0m
 * Running on http://127.0.0.1:5000
2023-11-01 12:34:51,855 - INFO - [33mPress CTRL+C to quit[0m
2023-11-01 12:34:51,855 - INFO -  * Restarting with stat
2023-11-01 12:34:52,268 - WARNING -  * Debugger is active!
2023-11-01 12:34:52,272 - INFO -  * Debugger PIN: 615-659-311
2023-11-01 12:35:54,293 - INFO - 127.0.0.1 - - [01/Nov/2023 12:35:54] "[35m[1mGET /exchange-rate-list?source_currency=USD&target_currencies=EUR,GBP HTTP/1.1[0m" 500 -
2023-11-01 12:37:49,807 - INFO -  * Detected change in '/Users/ertankaradeniz/PycharmProjects/ExchangeRates/main.py', reloading
2023-11-01 12:37:49,839 - INFO -  * Restarting with stat
2023-11-01 12:37:50,265 - WARNING -  * Debugger is active!
2023-11-01 12:37:50,269 - INFO -  * Debugger PIN: 615-659-311
2023-11-01 12:38:06,361 - INFO -  * Detected change in '/Users/ertankaradeniz/PycharmProjects/ExchangeRates/main.py', reloading
2023-11-01 12:38:06,396 - INFO -  * Restarting with stat
2023-11-01 12:38:06,891 - WARNING -  * Debugger is active!
2023-11-01 12:38:06,896 - INFO -  * Debugger PIN: 615-659-311
2023-11-01 12:38:29,763 - INFO - [31m[1mWARNING: This is a development server. Do not use it in a production deployment. Use a production WSGI server instead.[0m
 * Running on http://127.0.0.1:5000
2023-11-01 12:38:29,763 - INFO - [33mPress CTRL+C to quit[0m
2023-11-01 12:38:29,764 - INFO -  * Restarting with stat
2023-11-01 12:38:30,178 - WARNING -  * Debugger is active!
2023-11-01 12:38:30,182 - INFO -  * Debugger PIN: 615-659-311
2023-11-01 12:44:31,151 - INFO -  * Detected change in '/Users/ertankaradeniz/PycharmProjects/ExchangeRates/app/fxerio/fixerio_client.py', reloading
2023-11-01 12:44:31,179 - INFO -  * Restarting with stat
2023-11-01 12:44:31,620 - WARNING -  * Debugger is active!
2023-11-01 12:44:31,624 - INFO -  * Debugger PIN: 615-659-311
2023-11-01 12:46:13,097 - INFO -  * Detected change in '/Users/ertankaradeniz/PycharmProjects/ExchangeRates/app/fxerio/fixerio_adapter.py', reloading
2023-11-01 12:46:13,125 - INFO -  * Restarting with stat
2023-11-01 12:46:13,534 - WARNING -  * Debugger is active!
2023-11-01 12:46:13,538 - INFO -  * Debugger PIN: 615-659-311
2023-11-01 12:47:18,766 - INFO -  * Detected change in '/Users/ertankaradeniz/PycharmProjects/ExchangeRates/main.py', reloading
2023-11-01 12:47:18,796 - INFO -  * Restarting with stat
2023-11-01 12:47:19,246 - WARNING -  * Debugger is active!
2023-11-01 12:47:19,250 - INFO -  * Debugger PIN: 615-659-311
2023-11-01 12:47:26,230 - INFO - [31m[1mWARNING: This is a development server. Do not use it in a production deployment. Use a production WSGI server instead.[0m
 * Running on http://127.0.0.1:5000
2023-11-01 12:47:26,230 - INFO - [33mPress CTRL+C to quit[0m
2023-11-01 12:47:26,231 - INFO -  * Restarting with stat
2023-11-01 12:47:26,637 - WARNING -  * Debugger is active!
2023-11-01 12:47:26,641 - INFO -  * Debugger PIN: 615-659-311
2023-11-01 12:48:23,656 - INFO - 127.0.0.1 - - [01/Nov/2023 12:48:23] "[35m[1mGET /exchange-rate-list?source_currency=USD&target_currencies=EURO HTTP/1.1[0m" 500 -
2023-11-01 12:48:23,691 - INFO - 127.0.0.1 - - [01/Nov/2023 12:48:23] "[36mGET /exchange-rate-list?__debugger__=yes&cmd=resource&f=style.css HTTP/1.1[0m" 304 -
2023-11-01 12:48:23,694 - INFO - 127.0.0.1 - - [01/Nov/2023 12:48:23] "[36mGET /exchange-rate-list?__debugger__=yes&cmd=resource&f=debugger.js HTTP/1.1[0m" 304 -
2023-11-01 12:48:23,699 - INFO - 127.0.0.1 - - [01/Nov/2023 12:48:23] "[36mGET /exchange-rate-list?__debugger__=yes&cmd=resource&f=console.png HTTP/1.1[0m" 304 -
2023-11-01 12:48:23,715 - INFO - 127.0.0.1 - - [01/Nov/2023 12:48:23] "[36mGET /exchange-rate-list?__debugger__=yes&cmd=resource&f=console.png HTTP/1.1[0m" 304 -
2023-11-01 12:49:54,173 - INFO -  * Detected change in '/Users/ertankaradeniz/PycharmProjects/ExchangeRates/app/fxerio/fixerio_client.py', reloading
2023-11-01 12:49:54,200 - INFO -  * Restarting with stat
2023-11-01 12:49:54,668 - WARNING -  * Debugger is active!
2023-11-01 12:49:54,672 - INFO -  * Debugger PIN: 615-659-311
2023-11-01 12:50:15,267 - INFO - [31m[1mWARNING: This is a development server. Do not use it in a production deployment. Use a production WSGI server instead.[0m
 * Running on http://127.0.0.1:5000
2023-11-01 12:50:15,267 - INFO - [33mPress CTRL+C to quit[0m
2023-11-01 12:50:15,267 - INFO -  * Restarting with stat
2023-11-01 12:50:15,690 - WARNING -  * Debugger is active!
2023-11-01 12:50:15,697 - INFO -  * Debugger PIN: 615-659-311
2023-11-01 12:51:05,866 - INFO - 127.0.0.1 - - [01/Nov/2023 12:51:05] "[35m[1mGET /exchange-rate-list?source_currency=USD&target_currencies=EUR,GBP HTTP/1.1[0m" 500 -
2023-11-01 12:53:52,487 - INFO -  * Detected change in '/Users/ertankaradeniz/PycharmProjects/ExchangeRates/main.py', reloading
2023-11-01 12:53:52,518 - INFO -  * Restarting with stat
2023-11-01 12:53:52,984 - WARNING -  * Debugger is active!
2023-11-01 12:53:52,988 - INFO -  * Debugger PIN: 615-659-311
2023-11-01 13:01:18,814 - INFO - [31m[1mWARNING: This is a development server. Do not use it in a production deployment. Use a production WSGI server instead.[0m
 * Running on http://127.0.0.1:5000
2023-11-01 13:01:18,815 - INFO - [33mPress CTRL+C to quit[0m
2023-11-01 13:01:18,815 - INFO -  * Restarting with stat
2023-11-01 13:01:19,235 - WARNING -  * Debugger is active!
2023-11-01 13:01:19,239 - INFO -  * Debugger PIN: 615-659-311
2023-11-01 13:01:32,178 - INFO - HTTP Request: GET http://data.fixer.io/api/None?access_key=041ee95e5f1f50d4acf51a726a5659ef&base=USD&symbols=EURO "HTTP/1.1 200 OK"
2023-11-01 13:02:36,300 - INFO -  * Detected change in '/Users/ertankaradeniz/PycharmProjects/ExchangeRates/app/fxerio/fixerio_client.py', reloading
2023-11-01 13:02:36,327 - INFO -  * Restarting with stat
2023-11-01 13:02:36,829 - WARNING -  * Debugger is active!
2023-11-01 13:02:36,833 - INFO -  * Debugger PIN: 615-659-311
2023-11-01 13:02:37,667 - INFO - HTTP Request: GET http://data.fixer.io/api/None?access_key=041ee95e5f1f50d4acf51a726a5659ef&base=USD&symbols=EURO "HTTP/1.1 200 OK"
2023-11-01 13:03:47,410 - INFO -  * Detected change in '/Users/ertankaradeniz/PycharmProjects/ExchangeRates/app/fxerio/fixerio_client.py', reloading
2023-11-01 13:03:47,438 - INFO -  * Restarting with stat
2023-11-01 13:03:47,859 - WARNING -  * Debugger is active!
2023-11-01 13:03:47,863 - INFO -  * Debugger PIN: 615-659-311
2023-11-01 13:03:52,789 - INFO - HTTP Request: GET http://data.fixer.io/api/None?access_key=041ee95e5f1f50d4acf51a726a5659ef&base=USD&symbols=EURO "HTTP/1.1 200 OK"
2023-11-01 13:04:31,968 - INFO - [31m[1mWARNING: This is a development server. Do not use it in a production deployment. Use a production WSGI server instead.[0m
 * Running on http://127.0.0.1:5000
2023-11-01 13:04:31,968 - INFO - [33mPress CTRL+C to quit[0m
2023-11-01 13:04:31,969 - INFO -  * Restarting with stat
2023-11-01 13:04:32,384 - WARNING -  * Debugger is active!
2023-11-01 13:04:32,388 - INFO -  * Debugger PIN: 615-659-311
2023-11-01 13:05:08,140 - INFO - HTTP Request: GET http://data.fixer.io/api/2023-11-01?access_key=041ee95e5f1f50d4acf51a726a5659ef&base=USD&symbols=EURO "HTTP/1.1 200 OK"
2023-11-01 13:05:56,870 - INFO - 127.0.0.1 - - [01/Nov/2023 13:05:56] "GET /exchange-rate-list?source_currency=USD&target_currencies=EURO HTTP/1.1" 200 -
2023-11-01 13:06:34,807 - INFO - HTTP Request: GET http://data.fixer.io/api/2023-11-01?access_key=041ee95e5f1f50d4acf51a726a5659ef&base=USD&symbols=EUR "HTTP/1.1 200 OK"
2023-11-01 13:06:46,545 - INFO - 127.0.0.1 - - [01/Nov/2023 13:06:46] "GET /exchange-rate-list?source_currency=USD&target_currencies=EUR HTTP/1.1" 200 -
2023-11-01 13:07:12,583 - INFO - HTTP Request: GET http://data.fixer.io/api/2023-11-01?access_key=041ee95e5f1f50d4acf51a726a5659ef&base=EUR&symbols=USD "HTTP/1.1 200 OK"
2023-11-01 13:07:38,030 - INFO - 127.0.0.1 - - [01/Nov/2023 13:07:38] "GET /exchange-rate-list?source_currency=EUR&target_currencies=USD HTTP/1.1" 200 -
2023-11-01 13:08:18,966 - INFO - HTTP Request: GET http://data.fixer.io/api/2023-11-01?access_key=041ee95e5f1f50d4acf51a726a5659ef&base=EUR&symbols=USD,GBP "HTTP/1.1 200 OK"
2023-11-01 13:08:18,973 - INFO - 127.0.0.1 - - [01/Nov/2023 13:08:18] "GET /exchange-rate-list?source_currency=EUR&target_currencies=USD,GBP HTTP/1.1" 200 -
2023-11-01 13:08:36,614 - INFO - HTTP Request: GET http://data.fixer.io/api/2023-11-01?access_key=041ee95e5f1f50d4acf51a726a5659ef&base=EUR&symbols=USD,GBP,TL "HTTP/1.1 200 OK"
2023-11-01 13:08:36,620 - INFO - 127.0.0.1 - - [01/Nov/2023 13:08:36] "GET /exchange-rate-list?source_currency=EUR&target_currencies=USD,GBP,TL HTTP/1.1" 200 -
2023-11-01 13:08:45,288 - INFO - HTTP Request: GET http://data.fixer.io/api/2023-11-01?access_key=041ee95e5f1f50d4acf51a726a5659ef&base=EUR&symbols=USD,GBP,TLR "HTTP/1.1 200 OK"
2023-11-01 13:08:45,295 - INFO - 127.0.0.1 - - [01/Nov/2023 13:08:45] "GET /exchange-rate-list?source_currency=EUR&target_currencies=USD,GBP,TLR HTTP/1.1" 200 -
2023-11-01 13:09:20,029 - INFO -  * Detected change in '/Users/ertankaradeniz/PycharmProjects/ExchangeRates/main.py', reloading
2023-11-01 13:09:20,059 - INFO -  * Restarting with stat
2023-11-01 13:09:20,494 - WARNING -  * Debugger is active!
2023-11-01 13:09:20,499 - INFO -  * Debugger PIN: 615-659-311
2023-11-01 13:09:25,905 - INFO -  * Detected change in '/Users/ertankaradeniz/PycharmProjects/ExchangeRates/main.py', reloading
2023-11-01 13:09:25,933 - INFO -  * Restarting with stat
2023-11-01 13:09:26,359 - WARNING -  * Debugger is active!
2023-11-01 13:09:26,363 - INFO -  * Debugger PIN: 615-659-311
2023-11-01 13:11:19,533 - INFO -  * Detected change in '/Users/ertankaradeniz/PycharmProjects/ExchangeRates/app/fxerio/fixerio_client.py', reloading
2023-11-01 13:11:19,562 - INFO -  * Restarting with stat
2023-11-01 13:11:20,069 - WARNING -  * Debugger is active!
2023-11-01 13:11:20,074 - INFO -  * Debugger PIN: 615-659-311
2023-11-01 13:12:35,825 - INFO -  * Detected change in '/Users/ertankaradeniz/PycharmProjects/ExchangeRates/app/fxerio/fixerio_client.py', reloading
2023-11-01 13:12:35,851 - INFO -  * Restarting with stat
2023-11-01 13:12:36,267 - WARNING -  * Debugger is active!
2023-11-01 13:12:36,271 - INFO -  * Debugger PIN: 615-659-311
2023-11-01 13:13:21,173 - INFO -  * Detected change in '/Users/ertankaradeniz/PycharmProjects/ExchangeRates/app/fxerio/fixerio_client.py', reloading
2023-11-01 13:13:21,199 - INFO -  * Restarting with stat
2023-11-01 13:13:21,600 - WARNING -  * Debugger is active!
2023-11-01 13:13:21,604 - INFO -  * Debugger PIN: 615-659-311
2023-11-01 13:15:16,905 - INFO -  * Detected change in '/Users/ertankaradeniz/PycharmProjects/ExchangeRates/app/fxerio/fixerio_client.py', reloading
2023-11-01 13:15:16,933 - INFO -  * Restarting with stat
2023-11-01 13:15:17,414 - WARNING -  * Debugger is active!
2023-11-01 13:15:17,418 - INFO -  * Debugger PIN: 615-659-311
2023-11-01 13:16:07,606 - INFO -  * Detected change in '/Users/ertankaradeniz/PycharmProjects/ExchangeRates/app/fxerio/fixerio_client.py', reloading
2023-11-01 13:16:07,633 - INFO -  * Restarting with stat
2023-11-01 13:16:08,099 - WARNING -  * Debugger is active!
2023-11-01 13:16:08,104 - INFO -  * Debugger PIN: 615-659-311
2023-11-01 13:25:29,331 - INFO - [31m[1mWARNING: This is a development server. Do not use it in a production deployment. Use a production WSGI server instead.[0m
 * Running on http://127.0.0.1:5000
2023-11-01 13:25:29,331 - INFO - [33mPress CTRL+C to quit[0m
2023-11-01 13:25:29,332 - INFO -  * Restarting with stat
2023-11-01 13:25:29,747 - WARNING -  * Debugger is active!
2023-11-01 13:25:29,752 - INFO -  * Debugger PIN: 615-659-311
2023-11-01 13:25:35,265 - INFO - HTTP Request: GET http://data.fixer.io/api/2023-11-01?access_key=041ee95e5f1f50d4acf51a726a5659ef&base=EUR&symbols=USD,GBP,TLR "HTTP/1.1 200 OK"
2023-11-01 13:26:07,229 - INFO - 127.0.0.1 - - [01/Nov/2023 13:26:07] "GET /exchange-rate-list?source_currency=EUR&target_currencies=USD,GBP,TLR HTTP/1.1" 200 -
2023-11-01 13:31:13,488 - INFO - 127.0.0.1 - - [01/Nov/2023 13:31:13] "[33mGET /famount-list?source_amount=100&source_currency=EUR&target_currencies=USD,EUR,GBP HTTP/1.1[0m" 404 -
2023-11-01 13:31:29,345 - INFO - 127.0.0.1 - - [01/Nov/2023 13:31:29] "[35m[1mGET /amount-list?source_amount=100&source_currency=EUR&target_currencies=USD,EUR,GBP HTTP/1.1[0m" 500 -
2023-11-01 13:33:12,651 - INFO -  * Detected change in '/Users/ertankaradeniz/PycharmProjects/ExchangeRates/main.py', reloading
2023-11-01 13:33:12,679 - INFO -  * Restarting with stat
2023-11-01 13:33:13,138 - WARNING -  * Debugger is active!
2023-11-01 13:33:13,146 - INFO -  * Debugger PIN: 615-659-311
2023-11-01 13:33:23,484 - INFO - [31m[1mWARNING: This is a development server. Do not use it in a production deployment. Use a production WSGI server instead.[0m
 * Running on http://127.0.0.1:5000
2023-11-01 13:33:23,484 - INFO - [33mPress CTRL+C to quit[0m
2023-11-01 13:33:23,484 - INFO -  * Restarting with stat
2023-11-01 13:33:23,899 - WARNING -  * Debugger is active!
2023-11-01 13:33:23,905 - INFO -  * Debugger PIN: 615-659-311
2023-11-01 13:37:02,869 - INFO - HTTP Request: GET http://data.fixer.io/api/convert?access_key=041ee95e5f1f50d4acf51a726a5659ef&from=EUR&to=['USD,EUR,GBP']&amount=100.0 "HTTP/1.1 200 OK"
2023-11-01 13:40:41,748 - INFO -  * Detected change in '/Users/ertankaradeniz/PycharmProjects/ExchangeRates/app/stub/stub.py', reloading
2023-11-01 13:40:41,777 - INFO -  * Restarting with stat
2023-11-01 13:40:42,274 - WARNING -  * Debugger is active!
2023-11-01 13:40:42,278 - INFO -  * Debugger PIN: 615-659-311
2023-11-01 13:43:12,008 - INFO -  * Detected change in '/Users/ertankaradeniz/PycharmProjects/ExchangeRates/app/stub/stub.py', reloading
2023-11-01 13:43:12,039 - INFO -  * Restarting with stat
2023-11-01 13:54:21,300 - INFO - [31m[1mWARNING: This is a development server. Do not use it in a production deployment. Use a production WSGI server instead.[0m
 * Running on http://127.0.0.1:5000
2023-11-01 13:54:21,300 - INFO - [33mPress CTRL+C to quit[0m
2023-11-01 13:54:21,301 - INFO -  * Restarting with stat
2023-11-01 13:54:21,717 - WARNING -  * Debugger is active!
2023-11-01 13:54:21,721 - INFO -  * Debugger PIN: 615-659-311
2023-11-01 13:58:04,414 - INFO - [31m[1mWARNING: This is a development server. Do not use it in a production deployment. Use a production WSGI server instead.[0m
 * Running on http://127.0.0.1:5000
2023-11-01 13:58:04,414 - INFO - [33mPress CTRL+C to quit[0m
2023-11-01 13:58:04,415 - INFO -  * Restarting with stat
2023-11-01 13:58:04,826 - WARNING -  * Debugger is active!
2023-11-01 13:58:04,830 - INFO -  * Debugger PIN: 615-659-311
2023-11-01 13:58:48,121 - INFO - 127.0.0.1 - - [01/Nov/2023 13:58:48] "[35m[1mGET /amount-list?source_amount=100&source_currency=EUR&target_currencies=USD,EUR,GBP HTTP/1.1[0m" 500 -
2023-11-01 13:59:27,029 - INFO - 127.0.0.1 - - [01/Nov/2023 13:59:27] "[35m[1mGET /amount-list?source_amount=100&source_currency=EUR&target_currencies=USD,EUR,GBP HTTP/1.1[0m" 500 -
2023-11-01 14:02:24,700 - INFO -  * Detected change in '/Users/ertankaradeniz/PycharmProjects/ExchangeRates/app/stub/stub.py', reloading
2023-11-01 14:02:24,730 - INFO -  * Restarting with stat
2023-11-01 14:02:25,224 - WARNING -  * Debugger is active!
2023-11-01 14:02:25,230 - INFO -  * Debugger PIN: 615-659-311
2023-11-01 14:03:02,637 - INFO -  * Detected change in '/Users/ertankaradeniz/PycharmProjects/ExchangeRates/app/stub/stub.py', reloading
2023-11-01 14:03:02,668 - INFO -  * Restarting with stat
2023-11-01 14:03:03,136 - WARNING -  * Debugger is active!
2023-11-01 14:03:03,140 - INFO -  * Debugger PIN: 615-659-311
2023-11-01 14:03:16,733 - INFO - [31m[1mWARNING: This is a development server. Do not use it in a production deployment. Use a production WSGI server instead.[0m
 * Running on http://127.0.0.1:5000
2023-11-01 14:03:16,733 - INFO - [33mPress CTRL+C to quit[0m
2023-11-01 14:03:16,734 - INFO -  * Restarting with stat
2023-11-01 14:03:17,147 - WARNING -  * Debugger is active!
2023-11-01 14:03:17,153 - INFO -  * Debugger PIN: 615-659-311
2023-11-01 14:03:58,114 - INFO - [31m[1mWARNING: This is a development server. Do not use it in a production deployment. Use a production WSGI server instead.[0m
 * Running on http://127.0.0.1:5000
2023-11-01 14:03:58,114 - INFO - [33mPress CTRL+C to quit[0m
2023-11-01 14:03:58,114 - INFO -  * Restarting with stat
2023-11-01 14:03:58,532 - WARNING -  * Debugger is active!
2023-11-01 14:03:58,538 - INFO -  * Debugger PIN: 615-659-311
2023-11-01 14:09:07,948 - INFO - [31m[1mWARNING: This is a development server. Do not use it in a production deployment. Use a production WSGI server instead.[0m
 * Running on http://127.0.0.1:5000
2023-11-01 14:09:07,948 - INFO - [33mPress CTRL+C to quit[0m
2023-11-01 14:09:07,949 - INFO -  * Restarting with stat
2023-11-01 14:09:08,365 - WARNING -  * Debugger is active!
2023-11-01 14:09:08,373 - INFO -  * Debugger PIN: 615-659-311
2023-11-01 14:10:31,474 - INFO - HTTP Request: GET http://data.fixer.io/api/convert?access_key=041ee95e5f1f50d4acf51a726a5659ef&from=EUR&to=USD&amount=100.0 "HTTP/1.1 200 OK"
2023-11-01 14:11:06,971 - INFO - 127.0.0.1 - - [01/Nov/2023 14:11:06] "[35m[1mGET /amount-list?source_amount=100&source_currency=EUR&target_currencies=USD,EUR,GBP HTTP/1.1[0m" 500 -
2023-11-01 14:13:54,545 - INFO -  * Detected change in '/Users/ertankaradeniz/PycharmProjects/ExchangeRates/app/stub/stub.py', reloading
2023-11-01 14:13:54,573 - INFO -  * Restarting with stat
2023-11-01 14:13:55,057 - WARNING -  * Debugger is active!
2023-11-01 14:13:55,062 - INFO -  * Debugger PIN: 615-659-311
2023-11-01 14:14:42,062 - INFO -  * Detected change in '/Users/ertankaradeniz/PycharmProjects/ExchangeRates/main.py', reloading
2023-11-01 14:14:42,090 - INFO -  * Restarting with stat
2023-11-01 14:14:42,559 - WARNING -  * Debugger is active!
2023-11-01 14:14:42,564 - INFO -  * Debugger PIN: 615-659-311
2023-11-01 14:17:05,722 - INFO -  * Detected change in '/Users/ertankaradeniz/PycharmProjects/ExchangeRates/app/stub/stub.py', reloading
2023-11-01 14:17:05,750 - INFO -  * Restarting with stat
2023-11-01 14:17:06,259 - WARNING -  * Debugger is active!
2023-11-01 14:17:06,266 - INFO -  * Debugger PIN: 615-659-311
2023-11-01 14:17:56,103 - INFO - [31m[1mWARNING: This is a development server. Do not use it in a production deployment. Use a production WSGI server instead.[0m
 * Running on http://127.0.0.1:5000
2023-11-01 14:17:56,103 - INFO - [33mPress CTRL+C to quit[0m
2023-11-01 14:17:56,104 - INFO -  * Restarting with stat
2023-11-01 14:17:56,521 - WARNING -  * Debugger is active!
2023-11-01 14:17:56,525 - INFO -  * Debugger PIN: 615-659-311
2023-11-01 14:18:58,904 - INFO - HTTP Request: GET http://data.fixer.io/api/2023-11-01T14:18:32.450865?access_key=041ee95e5f1f50d4acf51a726a5659ef&base=EUR&symbols=USD,EUR,GBP "HTTP/1.1 200 OK"
2023-11-01 14:20:39,579 - INFO -  * Detected change in '/Users/ertankaradeniz/PycharmProjects/ExchangeRates/app/stub/stub.py', reloading
2023-11-01 14:20:39,611 - INFO -  * Restarting with stat
2023-11-01 14:20:40,170 - WARNING -  * Debugger is active!
2023-11-01 14:20:40,175 - INFO -  * Debugger PIN: 615-659-311
2023-11-01 14:20:55,600 - INFO - [31m[1mWARNING: This is a development server. Do not use it in a production deployment. Use a production WSGI server instead.[0m
 * Running on http://127.0.0.1:5000
2023-11-01 14:20:55,600 - INFO - [33mPress CTRL+C to quit[0m
2023-11-01 14:20:55,600 - INFO -  * Restarting with stat
2023-11-01 14:20:56,016 - WARNING -  * Debugger is active!
2023-11-01 14:20:56,023 - INFO -  * Debugger PIN: 615-659-311
2023-11-01 14:21:20,524 - INFO - 127.0.0.1 - - [01/Nov/2023 14:21:20] "[35m[1mGET /amount-list?source_amount=100&source_currency=EUR&target_currencies=USD,EUR,GBP HTTP/1.1[0m" 500 -
2023-11-01 14:23:34,863 - INFO -  * Detected change in '/Users/ertankaradeniz/PycharmProjects/ExchangeRates/app/stub/stub.py', reloading
2023-11-01 14:23:34,892 - INFO -  * Restarting with stat
2023-11-01 14:23:35,367 - WARNING -  * Debugger is active!
2023-11-01 14:23:35,372 - INFO -  * Debugger PIN: 615-659-311
2023-11-01 14:23:47,190 - INFO - [31m[1mWARNING: This is a development server. Do not use it in a production deployment. Use a production WSGI server instead.[0m
 * Running on http://127.0.0.1:5000
2023-11-01 14:23:47,191 - INFO - [33mPress CTRL+C to quit[0m
2023-11-01 14:23:47,191 - INFO -  * Restarting with stat
2023-11-01 14:23:47,603 - WARNING -  * Debugger is active!
2023-11-01 14:23:47,607 - INFO -  * Debugger PIN: 615-659-311
2023-11-01 14:26:16,707 - INFO -  * Detected change in '/Users/ertankaradeniz/PycharmProjects/ExchangeRates/app/stub/stub.py', reloading
2023-11-01 14:26:16,739 - INFO -  * Restarting with stat
2023-11-01 14:26:17,256 - WARNING -  * Debugger is active!
2023-11-01 14:26:17,263 - INFO -  * Debugger PIN: 615-659-311
2023-11-01 14:26:28,674 - INFO - [31m[1mWARNING: This is a development server. Do not use it in a production deployment. Use a production WSGI server instead.[0m
 * Running on http://127.0.0.1:5000
2023-11-01 14:26:28,674 - INFO - [33mPress CTRL+C to quit[0m
2023-11-01 14:26:28,675 - INFO -  * Restarting with stat
2023-11-01 14:26:29,087 - WARNING -  * Debugger is active!
2023-11-01 14:26:29,091 - INFO -  * Debugger PIN: 615-659-311
2023-11-01 14:27:36,046 - INFO - HTTP Request: GET http://data.fixer.io/api/2023-11-01?access_key=041ee95e5f1f50d4acf51a726a5659ef&base=EUR&symbols=USD,EUR,GBP "HTTP/1.1 200 OK"
2023-11-01 14:30:30,976 - INFO - [31m[1mWARNING: This is a development server. Do not use it in a production deployment. Use a production WSGI server instead.[0m
 * Running on http://127.0.0.1:5000
2023-11-01 14:30:30,976 - INFO - [33mPress CTRL+C to quit[0m
2023-11-01 14:30:30,977 - INFO -  * Restarting with stat
2023-11-01 14:30:31,382 - WARNING -  * Debugger is active!
2023-11-01 14:30:31,388 - INFO -  * Debugger PIN: 615-659-311
2023-11-01 14:31:10,929 - INFO - HTTP Request: GET http://data.fixer.io/api/2023-11-01?access_key=041ee95e5f1f50d4acf51a726a5659ef&base=EUR&symbols=USD,EUR,GBP "HTTP/1.1 200 OK"
2023-11-01 14:32:00,018 - INFO - 127.0.0.1 - - [01/Nov/2023 14:32:00] "GET /amount-list?source_amount=100&source_currency=EUR&target_currencies=USD,EUR,GBP HTTP/1.1" 200 -
2023-11-01 14:36:15,673 - INFO - 127.0.0.1 - - [01/Nov/2023 14:36:15] "[33mGET /fılter-transactions?transaction_id=CNwURehn8gM HTTP/1.1[0m" 404 -
2023-11-01 14:37:22,067 - INFO - 127.0.0.1 - - [01/Nov/2023 14:37:22] "GET /filter-transactions?transaction_id=CNwURehn8gM HTTP/1.1" 200 -
2023-11-01 16:06:35,343 - INFO - [31m[1mWARNING: This is a development server. Do not use it in a production deployment. Use a production WSGI server instead.[0m
 * Running on http://127.0.0.1:5000
2023-11-01 16:06:35,344 - INFO - [33mPress CTRL+C to quit[0m
2023-11-01 16:06:35,345 - INFO -  * Restarting with stat
2023-11-01 16:06:35,763 - WARNING -  * Debugger is active!
2023-11-01 16:06:35,769 - INFO -  * Debugger PIN: 275-902-276
2023-11-01 16:06:47,292 - INFO - 127.0.0.1 - - [01/Nov/2023 16:06:47] "[35m[1mGET /exchange-rate-list?source_currency=USD&target_currencies=EUR HTTP/1.1[0m" 500 -
2023-11-01 16:09:28,153 - INFO -  * Detected change in '/Users/ertankaradeniz/Documents/GitHub/ExchangeRates/main.py', reloading
2023-11-01 16:09:28,185 - INFO -  * Restarting with stat
2023-11-01 16:09:28,684 - WARNING -  * Debugger is active!
2023-11-01 16:09:28,690 - INFO -  * Debugger PIN: 275-902-276
2023-11-01 16:09:58,602 - INFO -  * Detected change in '/Users/ertankaradeniz/Documents/GitHub/ExchangeRates/main.py', reloading
2023-11-01 16:09:58,646 - INFO -  * Restarting with stat
2023-11-01 16:09:59,072 - WARNING -  * Debugger is active!
2023-11-01 16:09:59,076 - INFO -  * Debugger PIN: 275-902-276
